     1 00000000                                 [FORMAT "WCOFF"]
     2 00000000                                 [INSTRSET "i486p"]
     3 00000000                                 [OPTIMIZE 1]
     4 00000000                                 [OPTION 1]
     5 00000000                                 [BITS 32]
     6 00000000                                 	EXTERN	_io_hlt
     7 00000000                                 	EXTERN	_io_load_eflags
     8 00000000                                 	EXTERN	_io_cli
     9 00000000                                 	EXTERN	_io_out8
    10 00000000                                 	EXTERN	_io_store_eflags
    11 00000000                                 [FILE "bootpack.c"]
    12                                          [SECTION .text]
    13 00000000                                 	GLOBAL	_HariMain
    14 00000000                                 _HariMain:
    15 00000000 55                              	PUSH	EBP
    16 00000001 89 E5                           	MOV	EBP,ESP
    17 00000003 E8 00000089                     	CALL	_init_palette
    18 00000008 6A 78                           	PUSH	120
    19 0000000A 6A 78                           	PUSH	120
    20 0000000C 6A 14                           	PUSH	20
    21 0000000E 6A 14                           	PUSH	20
    22 00000010 6A 01                           	PUSH	1
    23 00000012 68 00000140                     	PUSH	320
    24 00000017 68 000A0000                     	PUSH	655360
    25 0000001C E8 0000010B                     	CALL	_boxfill8
    26 00000021 68 00000096                     	PUSH	150
    27 00000026 68 000000AA                     	PUSH	170
    28 0000002B 6A 32                           	PUSH	50
    29 0000002D 6A 46                           	PUSH	70
    30 0000002F 6A 02                           	PUSH	2
    31 00000031 68 00000140                     	PUSH	320
    32 00000036 68 000A0000                     	PUSH	655360
    33 0000003B E8 000000EC                     	CALL	_boxfill8
    34 00000040 83 C4 38                        	ADD	ESP,56
    35 00000043 68 000000B4                     	PUSH	180
    36 00000048 68 000000DC                     	PUSH	220
    37 0000004D 6A 50                           	PUSH	80
    38 0000004F 6A 78                           	PUSH	120
    39 00000051 6A 04                           	PUSH	4
    40 00000053 68 00000140                     	PUSH	320
    41 00000058 68 000A0000                     	PUSH	655360
    42 0000005D E8 000000CA                     	CALL	_boxfill8
    43 00000062 68 0000015E                     	PUSH	350
    44 00000067 68 00000154                     	PUSH	340
    45 0000006C 68 000000FA                     	PUSH	250
    46 00000071 68 000000F0                     	PUSH	240
    47 00000076 6A 0F                           	PUSH	15
    48 00000078 68 00000140                     	PUSH	320
    49 0000007D 68 000A0000                     	PUSH	655360
    50 00000082 E8 000000A5                     	CALL	_boxfill8
    51 00000087 83 C4 38                        	ADD	ESP,56
    52 0000008A                                 L2:
    53 0000008A E8 [00000000]                   	CALL	_io_hlt
    54 0000008F EB F9                           	JMP	L2
    55                                          [SECTION .data]
    56 00000000                                 _table_rgb.0:
    57 00000000 00                              	DB	0
    58 00000001 00                              	DB	0
    59 00000002 00                              	DB	0
    60 00000003 FF                              	DB	-1
    61 00000004 00                              	DB	0
    62 00000005 00                              	DB	0
    63 00000006 00                              	DB	0
    64 00000007 FF                              	DB	-1
    65 00000008 00                              	DB	0
    66 00000009 FF                              	DB	-1
    67 0000000A FF                              	DB	-1
    68 0000000B 00                              	DB	0
    69 0000000C 00                              	DB	0
    70 0000000D 00                              	DB	0
    71 0000000E FF                              	DB	-1
    72 0000000F FF                              	DB	-1
    73 00000010 00                              	DB	0
    74 00000011 FF                              	DB	-1
    75 00000012 00                              	DB	0
    76 00000013 FF                              	DB	-1
    77 00000014 FF                              	DB	-1
    78 00000015 FF                              	DB	-1
    79 00000016 FF                              	DB	-1
    80 00000017 FF                              	DB	-1
    81 00000018 C6                              	DB	-58
    82 00000019 C6                              	DB	-58
    83 0000001A C6                              	DB	-58
    84 0000001B 84                              	DB	-124
    85 0000001C 00                              	DB	0
    86 0000001D 00                              	DB	0
    87 0000001E 00                              	DB	0
    88 0000001F 84                              	DB	-124
    89 00000020 00                              	DB	0
    90 00000021 84                              	DB	-124
    91 00000022 84                              	DB	-124
    92 00000023 00                              	DB	0
    93 00000024 00                              	DB	0
    94 00000025 00                              	DB	0
    95 00000026 84                              	DB	-124
    96 00000027 84                              	DB	-124
    97 00000028 00                              	DB	0
    98 00000029 84                              	DB	-124
    99 0000002A 00                              	DB	0
   100 0000002B 84                              	DB	-124
   101 0000002C 84                              	DB	-124
   102 0000002D 84                              	DB	-124
   103 0000002E 84                              	DB	-124
   104 0000002F 84                              	DB	-124
   105                                          [SECTION .text]
   106 00000091                                 	GLOBAL	_init_palette
   107 00000091                                 _init_palette:
   108 00000091 55                              	PUSH	EBP
   109 00000092 89 E5                           	MOV	EBP,ESP
   110 00000094 68 [00000000]                   	PUSH	_table_rgb.0
   111 00000099 6A 0F                           	PUSH	15
   112 0000009B 6A 00                           	PUSH	0
   113 0000009D E8 00000002                     	CALL	_set_palette
   114 000000A2 C9                              	LEAVE
   115 000000A3 C3                              	RET
   116 000000A4                                 	GLOBAL	_set_palette
   117 000000A4                                 _set_palette:
   118 000000A4 55                              	PUSH	EBP
   119 000000A5 89 E5                           	MOV	EBP,ESP
   120 000000A7 57                              	PUSH	EDI
   121 000000A8 56                              	PUSH	ESI
   122 000000A9 53                              	PUSH	EBX
   123 000000AA 51                              	PUSH	ECX
   124 000000AB 8B 5D 08                        	MOV	EBX,DWORD [8+EBP]
   125 000000AE 8B 7D 0C                        	MOV	EDI,DWORD [12+EBP]
   126 000000B1 8B 75 10                        	MOV	ESI,DWORD [16+EBP]
   127 000000B4 E8 [00000000]                   	CALL	_io_load_eflags
   128 000000B9 89 45 F0                        	MOV	DWORD [-16+EBP],EAX
   129 000000BC E8 [00000000]                   	CALL	_io_cli
   130 000000C1 53                              	PUSH	EBX
   131 000000C2 68 000003C8                     	PUSH	968
   132 000000C7 E8 [00000000]                   	CALL	_io_out8
   133 000000CC 39 FB                           	CMP	EBX,EDI
   134 000000CE 58                              	POP	EAX
   135 000000CF 5A                              	POP	EDX
   136 000000D0 7E 12                           	JLE	L11
   137 000000D2                                 L13:
   138 000000D2 8B 45 F0                        	MOV	EAX,DWORD [-16+EBP]
   139 000000D5 89 45 08                        	MOV	DWORD [8+EBP],EAX
   140 000000D8 8D 65 F4                        	LEA	ESP,DWORD [-12+EBP]
   141 000000DB 5B                              	POP	EBX
   142 000000DC 5E                              	POP	ESI
   143 000000DD 5F                              	POP	EDI
   144 000000DE 5D                              	POP	EBP
   145 000000DF E9 [00000000]                   	JMP	_io_store_eflags
   146 000000E4                                 L11:
   147 000000E4 8A 06                           	MOV	AL,BYTE [ESI]
   148 000000E6 43                              	INC	EBX
   149 000000E7 C0 E8 02                        	SHR	AL,2
   150 000000EA 0F B6 C0                        	MOVZX	EAX,AL
   151 000000ED 50                              	PUSH	EAX
   152 000000EE 68 000003C9                     	PUSH	969
   153 000000F3 E8 [00000000]                   	CALL	_io_out8
   154 000000F8 8A 46 01                        	MOV	AL,BYTE [1+ESI]
   155 000000FB C0 E8 02                        	SHR	AL,2
   156 000000FE 0F B6 C0                        	MOVZX	EAX,AL
   157 00000101 50                              	PUSH	EAX
   158 00000102 68 000003C9                     	PUSH	969
   159 00000107 E8 [00000000]                   	CALL	_io_out8
   160 0000010C 8A 46 02                        	MOV	AL,BYTE [2+ESI]
   161 0000010F C0 E8 02                        	SHR	AL,2
   162 00000112 83 C6 03                        	ADD	ESI,3
   163 00000115 0F B6 C0                        	MOVZX	EAX,AL
   164 00000118 50                              	PUSH	EAX
   165 00000119 68 000003C9                     	PUSH	969
   166 0000011E E8 [00000000]                   	CALL	_io_out8
   167 00000123 83 C4 18                        	ADD	ESP,24
   168 00000126 39 FB                           	CMP	EBX,EDI
   169 00000128 7E BA                           	JLE	L11
   170 0000012A EB A6                           	JMP	L13
   171 0000012C                                 	GLOBAL	_boxfill8
   172 0000012C                                 _boxfill8:
   173 0000012C 55                              	PUSH	EBP
   174 0000012D 89 E5                           	MOV	EBP,ESP
   175 0000012F 57                              	PUSH	EDI
   176 00000130 56                              	PUSH	ESI
   177 00000131 53                              	PUSH	EBX
   178 00000132 57                              	PUSH	EDI
   179 00000133 57                              	PUSH	EDI
   180 00000134 8A 45 10                        	MOV	AL,BYTE [16+EBP]
   181 00000137 8B 4D 18                        	MOV	ECX,DWORD [24+EBP]
   182 0000013A 8B 7D 1C                        	MOV	EDI,DWORD [28+EBP]
   183 0000013D 88 45 F3                        	MOV	BYTE [-13+EBP],AL
   184 00000140 3B 4D 20                        	CMP	ECX,DWORD [32+EBP]
   185 00000143 7F 31                           	JG	L26
   186 00000145 8B 5D 0C                        	MOV	EBX,DWORD [12+EBP]
   187 00000148 0F AF D9                        	IMUL	EBX,ECX
   188 0000014B                                 L24:
   189 0000014B 8B 55 14                        	MOV	EDX,DWORD [20+EBP]
   190 0000014E 39 FA                           	CMP	EDX,EDI
   191 00000150 7F 1B                           	JG	L28
   192 00000152 8B 75 08                        	MOV	ESI,DWORD [8+EBP]
   193 00000155 01 DE                           	ADD	ESI,EBX
   194 00000157 01 D6                           	ADD	ESI,EDX
   195 00000159 89 75 EC                        	MOV	DWORD [-20+EBP],ESI
   196 0000015C                                 L23:
   197 0000015C 8B 75 EC                        	MOV	ESI,DWORD [-20+EBP]
   198 0000015F 8A 45 F3                        	MOV	AL,BYTE [-13+EBP]
   199 00000162 42                              	INC	EDX
   200 00000163 88 06                           	MOV	BYTE [ESI],AL
   201 00000165 46                              	INC	ESI
   202 00000166 89 75 EC                        	MOV	DWORD [-20+EBP],ESI
   203 00000169 39 FA                           	CMP	EDX,EDI
   204 0000016B 7E EF                           	JLE	L23
   205 0000016D                                 L28:
   206 0000016D 41                              	INC	ECX
   207 0000016E 03 5D 0C                        	ADD	EBX,DWORD [12+EBP]
   208 00000171 3B 4D 20                        	CMP	ECX,DWORD [32+EBP]
   209 00000174 7E D5                           	JLE	L24
   210 00000176                                 L26:
   211 00000176 5B                              	POP	EBX
   212 00000177 5E                              	POP	ESI
   213 00000178 5B                              	POP	EBX
   214 00000179 5E                              	POP	ESI
   215 0000017A 5F                              	POP	EDI
   216 0000017B 5D                              	POP	EBP
   217 0000017C C3                              	RET
